2022-01-05 12:12:33,257 [Worker-23] INFO  o.e.m.c.i.l.LifecycleMappingFactory - Using org.eclipse.m2e.jdt.JarLifecycleMapping lifecycle mapping for MavenProject: com.selenium.test:com.selenium.test:0.0.1-SNAPSHOT @ C:\OneDrive\TestGeospoc\com.selenium.test\pom.xml.
2022-01-05 12:12:33,891 [Worker-23] INFO  o.e.m.j.i.AbstractJavaProjectConfigurator - Adding source folder /com.selenium.test/src/main/java
2022-01-05 12:12:33,893 [Worker-23] INFO  o.e.m.j.i.AbstractJavaProjectConfigurator - Adding resource folder /com.selenium.test/src/main/resources
2022-01-05 12:12:33,895 [Worker-23] INFO  o.e.m.j.i.AbstractJavaProjectConfigurator - Adding source folder /com.selenium.test/src/test/java
2022-01-05 12:12:33,895 [Worker-23] INFO  o.e.m.j.i.AbstractJavaProjectConfigurator - Adding resource folder /com.selenium.test/src/test/resources
2022-01-05 12:12:35,503 [Worker-21] WARN  o.e.m.c.i.embedder.EclipseLogger - Using platform encoding (Cp1252 actually) to copy filtered resources, i.e. build is platform dependent!
2022-01-05 12:12:35,510 [Worker-21] INFO  o.e.m.c.i.embedder.EclipseLogger - Copying 0 resource
2022-01-05 12:12:35,512 [Worker-21] WARN  o.e.m.c.i.embedder.EclipseLogger - Using platform encoding (Cp1252 actually) to copy filtered resources, i.e. build is platform dependent!
2022-01-05 12:12:35,513 [Worker-21] INFO  o.e.m.c.i.embedder.EclipseLogger - Copying 0 resource
2022-01-05 12:12:39,910 [Worker-11] WARN  o.e.m.c.i.embedder.EclipseLogger - Using platform encoding (Cp1252 actually) to copy filtered resources, i.e. build is platform dependent!
2022-01-05 12:12:39,913 [Worker-11] INFO  o.e.m.c.i.embedder.EclipseLogger - Copying 0 resource
2022-01-05 12:12:39,914 [Worker-11] WARN  o.e.m.c.i.embedder.EclipseLogger - Using platform encoding (Cp1252 actually) to copy filtered resources, i.e. build is platform dependent!
2022-01-05 12:12:39,915 [Worker-11] INFO  o.e.m.c.i.embedder.EclipseLogger - Copying 0 resource
2022-01-05 12:12:49,800 [Worker-11] WARN  o.e.m.c.i.embedder.EclipseLogger - Using platform encoding (Cp1252 actually) to copy filtered resources, i.e. build is platform dependent!
2022-01-05 12:12:49,802 [Worker-11] INFO  o.e.m.c.i.embedder.EclipseLogger - Copying 0 resource
2022-01-05 12:12:49,803 [Worker-11] WARN  o.e.m.c.i.embedder.EclipseLogger - Using platform encoding (Cp1252 actually) to copy filtered resources, i.e. build is platform dependent!
2022-01-05 12:12:49,808 [Worker-11] INFO  o.e.m.c.i.embedder.EclipseLogger - Copying 0 resource
2022-01-05 12:12:50,945 [Worker-21] WARN  o.e.m.c.i.embedder.EclipseLogger - Using platform encoding (Cp1252 actually) to copy filtered resources, i.e. build is platform dependent!
2022-01-05 12:12:50,947 [Worker-21] INFO  o.e.m.c.i.embedder.EclipseLogger - Copying 0 resource
2022-01-05 12:12:50,948 [Worker-21] WARN  o.e.m.c.i.embedder.EclipseLogger - Using platform encoding (Cp1252 actually) to copy filtered resources, i.e. build is platform dependent!
2022-01-05 12:12:50,949 [Worker-21] INFO  o.e.m.c.i.embedder.EclipseLogger - Copying 0 resource
2022-01-05 12:21:34,316 [Worker-31] INFO  o.e.m.c.i.l.LifecycleMappingFactory - Using org.eclipse.m2e.jdt.JarLifecycleMapping lifecycle mapping for MavenProject: com.selenium.test:com.selenium.test:0.0.1-SNAPSHOT @ C:\OneDrive\TestGeospoc\com.selenium.test\pom.xml.
2022-01-05 12:21:34,786 [Worker-31] INFO  o.e.m.c.i.e.AbstractTransferListenerAdapter - Downloading http://nexus-ams.tomtomgroup.com/nexus/content/groups/public/org/seleniumhq/selenium/selenium-java/3.0.0/selenium-java-3.0.0.pom
2022-01-05 12:21:34,978 [Worker-31] INFO  o.e.m.c.i.e.AbstractTransferListenerAdapter - Downloaded http://nexus-ams.tomtomgroup.com/nexus/content/groups/public/org/seleniumhq/selenium/selenium-java/3.0.0/selenium-java-3.0.0.pom
2022-01-05 12:21:35,216 [Worker-31] INFO  o.e.m.c.i.e.AbstractTransferListenerAdapter - Downloading http://nexus-ams.tomtomgroup.com/nexus/content/groups/public/org/seleniumhq/selenium/selenium-chrome-driver/3.0.0/selenium-chrome-driver-3.0.0.pom
2022-01-05 12:21:35,377 [Worker-31] INFO  o.e.m.c.i.e.AbstractTransferListenerAdapter - Downloaded http://nexus-ams.tomtomgroup.com/nexus/content/groups/public/org/seleniumhq/selenium/selenium-chrome-driver/3.0.0/selenium-chrome-driver-3.0.0.pom
2022-01-05 12:21:35,555 [Worker-31] INFO  o.e.m.c.i.e.AbstractTransferListenerAdapter - Downloading http://nexus-ams.tomtomgroup.com/nexus/content/groups/public/org/seleniumhq/selenium/selenium-remote-driver/3.0.0/selenium-remote-driver-3.0.0.pom
2022-01-05 12:21:35,717 [Worker-31] INFO  o.e.m.c.i.e.AbstractTransferListenerAdapter - Downloaded http://nexus-ams.tomtomgroup.com/nexus/content/groups/public/org/seleniumhq/selenium/selenium-remote-driver/3.0.0/selenium-remote-driver-3.0.0.pom
2022-01-05 12:21:35,887 [Worker-31] INFO  o.e.m.c.i.e.AbstractTransferListenerAdapter - Downloading http://nexus-ams.tomtomgroup.com/nexus/content/groups/public/org/seleniumhq/selenium/selenium-api/3.0.0/selenium-api-3.0.0.pom
2022-01-05 12:21:36,048 [Worker-31] INFO  o.e.m.c.i.e.AbstractTransferListenerAdapter - Downloaded http://nexus-ams.tomtomgroup.com/nexus/content/groups/public/org/seleniumhq/selenium/selenium-api/3.0.0/selenium-api-3.0.0.pom
2022-01-05 12:21:36,211 [Worker-31] INFO  o.e.m.c.i.e.AbstractTransferListenerAdapter - Downloading http://nexus-ams.tomtomgroup.com/nexus/content/groups/public/cglib/cglib-nodep/3.2.4/cglib-nodep-3.2.4.pom
2022-01-05 12:21:36,374 [Worker-31] INFO  o.e.m.c.i.e.AbstractTransferListenerAdapter - Downloaded http://nexus-ams.tomtomgroup.com/nexus/content/groups/public/cglib/cglib-nodep/3.2.4/cglib-nodep-3.2.4.pom
2022-01-05 12:21:36,550 [Worker-31] INFO  o.e.m.c.i.e.AbstractTransferListenerAdapter - Downloading http://nexus-ams.tomtomgroup.com/nexus/content/groups/public/cglib/cglib-parent/3.2.4/cglib-parent-3.2.4.pom
2022-01-05 12:21:36,710 [Worker-31] INFO  o.e.m.c.i.e.AbstractTransferListenerAdapter - Downloaded http://nexus-ams.tomtomgroup.com/nexus/content/groups/public/cglib/cglib-parent/3.2.4/cglib-parent-3.2.4.pom
2022-01-05 12:21:36,914 [Worker-31] INFO  o.e.m.c.i.e.AbstractTransferListenerAdapter - Downloading http://nexus-ams.tomtomgroup.com/nexus/content/groups/public/org/apache/httpcomponents/httpmime/4.5.2/httpmime-4.5.2.pom
2022-01-05 12:21:37,067 [Worker-31] INFO  o.e.m.c.i.e.AbstractTransferListenerAdapter - Downloaded http://nexus-ams.tomtomgroup.com/nexus/content/groups/public/org/apache/httpcomponents/httpmime/4.5.2/httpmime-4.5.2.pom
2022-01-05 12:21:37,361 [Worker-31] INFO  o.e.m.c.i.e.AbstractTransferListenerAdapter - Downloading http://nexus-ams.tomtomgroup.com/nexus/content/groups/public/org/seleniumhq/selenium/selenium-edge-driver/3.0.0/selenium-edge-driver-3.0.0.pom
2022-01-05 12:21:37,517 [Worker-31] INFO  o.e.m.c.i.e.AbstractTransferListenerAdapter - Downloaded http://nexus-ams.tomtomgroup.com/nexus/content/groups/public/org/seleniumhq/selenium/selenium-edge-driver/3.0.0/selenium-edge-driver-3.0.0.pom
2022-01-05 12:21:37,703 [Worker-31] INFO  o.e.m.c.i.e.AbstractTransferListenerAdapter - Downloading http://nexus-ams.tomtomgroup.com/nexus/content/groups/public/org/seleniumhq/selenium/selenium-firefox-driver/3.0.0/selenium-firefox-driver-3.0.0.pom
2022-01-05 12:21:37,867 [Worker-31] INFO  o.e.m.c.i.e.AbstractTransferListenerAdapter - Downloaded http://nexus-ams.tomtomgroup.com/nexus/content/groups/public/org/seleniumhq/selenium/selenium-firefox-driver/3.0.0/selenium-firefox-driver-3.0.0.pom
2022-01-05 12:21:38,052 [Worker-31] INFO  o.e.m.c.i.e.AbstractTransferListenerAdapter - Downloading http://nexus-ams.tomtomgroup.com/nexus/content/groups/public/org/seleniumhq/selenium/selenium-ie-driver/3.0.0/selenium-ie-driver-3.0.0.pom
2022-01-05 12:21:38,208 [Worker-31] INFO  o.e.m.c.i.e.AbstractTransferListenerAdapter - Downloaded http://nexus-ams.tomtomgroup.com/nexus/content/groups/public/org/seleniumhq/selenium/selenium-ie-driver/3.0.0/selenium-ie-driver-3.0.0.pom
2022-01-05 12:21:38,378 [Worker-31] INFO  o.e.m.c.i.e.AbstractTransferListenerAdapter - Downloading http://nexus-ams.tomtomgroup.com/nexus/content/groups/public/org/seleniumhq/selenium/selenium-opera-driver/3.0.0/selenium-opera-driver-3.0.0.pom
2022-01-05 12:21:38,541 [Worker-31] INFO  o.e.m.c.i.e.AbstractTransferListenerAdapter - Downloaded http://nexus-ams.tomtomgroup.com/nexus/content/groups/public/org/seleniumhq/selenium/selenium-opera-driver/3.0.0/selenium-opera-driver-3.0.0.pom
2022-01-05 12:21:38,714 [Worker-31] INFO  o.e.m.c.i.e.AbstractTransferListenerAdapter - Downloading http://nexus-ams.tomtomgroup.com/nexus/content/groups/public/org/seleniumhq/selenium/selenium-safari-driver/3.0.0/selenium-safari-driver-3.0.0.pom
2022-01-05 12:21:38,866 [Worker-31] INFO  o.e.m.c.i.e.AbstractTransferListenerAdapter - Downloaded http://nexus-ams.tomtomgroup.com/nexus/content/groups/public/org/seleniumhq/selenium/selenium-safari-driver/3.0.0/selenium-safari-driver-3.0.0.pom
2022-01-05 12:21:39,038 [Worker-31] INFO  o.e.m.c.i.e.AbstractTransferListenerAdapter - Downloading http://nexus-ams.tomtomgroup.com/nexus/content/groups/public/org/seleniumhq/selenium/selenium-support/3.0.0/selenium-support-3.0.0.pom
2022-01-05 12:21:39,199 [Worker-31] INFO  o.e.m.c.i.e.AbstractTransferListenerAdapter - Downloaded http://nexus-ams.tomtomgroup.com/nexus/content/groups/public/org/seleniumhq/selenium/selenium-support/3.0.0/selenium-support-3.0.0.pom
2022-01-05 12:21:39,369 [Worker-31] INFO  o.e.m.c.i.e.AbstractTransferListenerAdapter - Downloading http://nexus-ams.tomtomgroup.com/nexus/content/groups/public/com/codeborne/phantomjsdriver/1.3.0/phantomjsdriver-1.3.0.pom
2022-01-05 12:21:39,535 [Worker-31] INFO  o.e.m.c.i.e.AbstractTransferListenerAdapter - Downloaded http://nexus-ams.tomtomgroup.com/nexus/content/groups/public/com/codeborne/phantomjsdriver/1.3.0/phantomjsdriver-1.3.0.pom
2022-01-05 12:21:39,773 [Worker-31] INFO  o.e.m.c.i.e.AbstractTransferListenerAdapter - Downloading http://nexus-ams.tomtomgroup.com/nexus/content/groups/public/org/seleniumhq/selenium/selenium-java/3.0.0/selenium-java-3.0.0.jar
2022-01-05 12:21:39,928 [Worker-31] INFO  o.e.m.c.i.e.AbstractTransferListenerAdapter - Downloaded http://nexus-ams.tomtomgroup.com/nexus/content/groups/public/org/seleniumhq/selenium/selenium-java/3.0.0/selenium-java-3.0.0.jar
2022-01-05 12:21:40,112 [Worker-31] INFO  o.e.m.c.i.e.AbstractTransferListenerAdapter - Downloading http://nexus-ams.tomtomgroup.com/nexus/content/groups/public/org/seleniumhq/selenium/selenium-chrome-driver/3.0.0/selenium-chrome-driver-3.0.0.jar
2022-01-05 12:21:40,271 [Worker-31] INFO  o.e.m.c.i.e.AbstractTransferListenerAdapter - Downloaded http://nexus-ams.tomtomgroup.com/nexus/content/groups/public/org/seleniumhq/selenium/selenium-chrome-driver/3.0.0/selenium-chrome-driver-3.0.0.jar
2022-01-05 12:21:40,934 [Worker-31] INFO  o.e.m.c.i.e.AbstractTransferListenerAdapter - Downloading http://nexus-ams.tomtomgroup.com/nexus/content/groups/public/org/seleniumhq/selenium/selenium-remote-driver/3.0.0/selenium-remote-driver-3.0.0.jar
2022-01-05 12:21:44,271 [Worker-31] INFO  o.e.m.c.i.e.AbstractTransferListenerAdapter - Downloaded http://nexus-ams.tomtomgroup.com/nexus/content/groups/public/org/seleniumhq/selenium/selenium-remote-driver/3.0.0/selenium-remote-driver-3.0.0.jar
2022-01-05 12:21:44,778 [Worker-31] INFO  o.e.m.c.i.e.AbstractTransferListenerAdapter - Downloading http://nexus-ams.tomtomgroup.com/nexus/content/groups/public/org/seleniumhq/selenium/selenium-api/3.0.0/selenium-api-3.0.0.jar
2022-01-05 12:21:45,763 [Worker-31] INFO  o.e.m.c.i.e.AbstractTransferListenerAdapter - Downloaded http://nexus-ams.tomtomgroup.com/nexus/content/groups/public/org/seleniumhq/selenium/selenium-api/3.0.0/selenium-api-3.0.0.jar
2022-01-05 12:21:46,010 [Worker-31] INFO  o.e.m.c.i.e.AbstractTransferListenerAdapter - Downloading http://nexus-ams.tomtomgroup.com/nexus/content/groups/public/cglib/cglib-nodep/3.2.4/cglib-nodep-3.2.4.jar
2022-01-05 12:21:50,262 [Worker-31] INFO  o.e.m.c.i.e.AbstractTransferListenerAdapter - Downloaded http://nexus-ams.tomtomgroup.com/nexus/content/groups/public/cglib/cglib-nodep/3.2.4/cglib-nodep-3.2.4.jar
2022-01-05 12:21:50,490 [Worker-31] INFO  o.e.m.c.i.e.AbstractTransferListenerAdapter - Downloading http://nexus-ams.tomtomgroup.com/nexus/content/groups/public/com/google/code/gson/gson/2.3.1/gson-2.3.1.jar
2022-01-05 12:21:52,339 [Worker-31] INFO  o.e.m.c.i.e.AbstractTransferListenerAdapter - Downloaded http://nexus-ams.tomtomgroup.com/nexus/content/groups/public/com/google/code/gson/gson/2.3.1/gson-2.3.1.jar
2022-01-05 12:21:52,563 [Worker-31] INFO  o.e.m.c.i.e.AbstractTransferListenerAdapter - Downloading http://nexus-ams.tomtomgroup.com/nexus/content/groups/public/org/apache/httpcomponents/httpmime/4.5.2/httpmime-4.5.2.jar
2022-01-05 12:21:52,900 [Worker-31] INFO  o.e.m.c.i.e.AbstractTransferListenerAdapter - Downloaded http://nexus-ams.tomtomgroup.com/nexus/content/groups/public/org/apache/httpcomponents/httpmime/4.5.2/httpmime-4.5.2.jar
2022-01-05 12:21:53,077 [Worker-31] INFO  o.e.m.c.i.e.AbstractTransferListenerAdapter - Downloading http://nexus-ams.tomtomgroup.com/nexus/content/groups/public/org/seleniumhq/selenium/selenium-edge-driver/3.0.0/selenium-edge-driver-3.0.0.jar
2022-01-05 12:21:53,240 [Worker-31] INFO  o.e.m.c.i.e.AbstractTransferListenerAdapter - Downloaded http://nexus-ams.tomtomgroup.com/nexus/content/groups/public/org/seleniumhq/selenium/selenium-edge-driver/3.0.0/selenium-edge-driver-3.0.0.jar
2022-01-05 12:21:53,571 [Worker-31] INFO  o.e.m.c.i.e.AbstractTransferListenerAdapter - Downloading http://nexus-ams.tomtomgroup.com/nexus/content/groups/public/org/seleniumhq/selenium/selenium-firefox-driver/3.0.0/selenium-firefox-driver-3.0.0.jar
2022-01-05 12:21:57,411 [Worker-31] INFO  o.e.m.c.i.e.AbstractTransferListenerAdapter - Downloaded http://nexus-ams.tomtomgroup.com/nexus/content/groups/public/org/seleniumhq/selenium/selenium-firefox-driver/3.0.0/selenium-firefox-driver-3.0.0.jar
2022-01-05 12:21:57,594 [Worker-31] INFO  o.e.m.c.i.e.AbstractTransferListenerAdapter - Downloading http://nexus-ams.tomtomgroup.com/nexus/content/groups/public/org/seleniumhq/selenium/selenium-ie-driver/3.0.0/selenium-ie-driver-3.0.0.jar
2022-01-05 12:21:57,750 [Worker-31] INFO  o.e.m.c.i.e.AbstractTransferListenerAdapter - Downloaded http://nexus-ams.tomtomgroup.com/nexus/content/groups/public/org/seleniumhq/selenium/selenium-ie-driver/3.0.0/selenium-ie-driver-3.0.0.jar
2022-01-05 12:21:57,942 [Worker-31] INFO  o.e.m.c.i.e.AbstractTransferListenerAdapter - Downloading http://nexus-ams.tomtomgroup.com/nexus/content/groups/public/org/seleniumhq/selenium/selenium-opera-driver/3.0.0/selenium-opera-driver-3.0.0.jar
2022-01-05 12:21:58,100 [Worker-31] INFO  o.e.m.c.i.e.AbstractTransferListenerAdapter - Downloaded http://nexus-ams.tomtomgroup.com/nexus/content/groups/public/org/seleniumhq/selenium/selenium-opera-driver/3.0.0/selenium-opera-driver-3.0.0.jar
2022-01-05 12:21:58,356 [Worker-31] INFO  o.e.m.c.i.e.AbstractTransferListenerAdapter - Downloading http://nexus-ams.tomtomgroup.com/nexus/content/groups/public/org/seleniumhq/selenium/selenium-safari-driver/3.0.0/selenium-safari-driver-3.0.0.jar
2022-01-05 12:21:58,513 [Worker-31] INFO  o.e.m.c.i.e.AbstractTransferListenerAdapter - Downloaded http://nexus-ams.tomtomgroup.com/nexus/content/groups/public/org/seleniumhq/selenium/selenium-safari-driver/3.0.0/selenium-safari-driver-3.0.0.jar
2022-01-05 12:21:58,907 [Worker-31] INFO  o.e.m.c.i.e.AbstractTransferListenerAdapter - Downloading http://nexus-ams.tomtomgroup.com/nexus/content/groups/public/org/seleniumhq/selenium/selenium-support/3.0.0/selenium-support-3.0.0.jar
2022-01-05 12:21:59,721 [Worker-31] INFO  o.e.m.c.i.e.AbstractTransferListenerAdapter - Downloaded http://nexus-ams.tomtomgroup.com/nexus/content/groups/public/org/seleniumhq/selenium/selenium-support/3.0.0/selenium-support-3.0.0.jar
2022-01-05 12:21:59,914 [Worker-31] INFO  o.e.m.c.i.e.AbstractTransferListenerAdapter - Downloading http://nexus-ams.tomtomgroup.com/nexus/content/groups/public/com/codeborne/phantomjsdriver/1.3.0/phantomjsdriver-1.3.0.jar
2022-01-05 12:22:00,068 [Worker-31] INFO  o.e.m.c.i.e.AbstractTransferListenerAdapter - Downloaded http://nexus-ams.tomtomgroup.com/nexus/content/groups/public/com/codeborne/phantomjsdriver/1.3.0/phantomjsdriver-1.3.0.jar
2022-01-05 12:22:01,003 [Worker-31] WARN  o.e.m.c.i.embedder.EclipseLogger - Using platform encoding (Cp1252 actually) to copy filtered resources, i.e. build is platform dependent!
2022-01-05 12:22:01,008 [Worker-31] INFO  o.e.m.c.i.embedder.EclipseLogger - Copying 0 resource
2022-01-05 12:22:01,010 [Worker-31] WARN  o.e.m.c.i.embedder.EclipseLogger - Using platform encoding (Cp1252 actually) to copy filtered resources, i.e. build is platform dependent!
2022-01-05 12:22:01,011 [Worker-31] INFO  o.e.m.c.i.embedder.EclipseLogger - Copying 0 resource
2022-01-05 12:22:02,757 [Worker-11] WARN  o.e.m.c.i.embedder.EclipseLogger - Using platform encoding (Cp1252 actually) to copy filtered resources, i.e. build is platform dependent!
2022-01-05 12:22:02,759 [Worker-11] INFO  o.e.m.c.i.embedder.EclipseLogger - Copying 0 resource
2022-01-05 12:22:02,760 [Worker-11] WARN  o.e.m.c.i.embedder.EclipseLogger - Using platform encoding (Cp1252 actually) to copy filtered resources, i.e. build is platform dependent!
2022-01-05 12:22:02,761 [Worker-11] INFO  o.e.m.c.i.embedder.EclipseLogger - Copying 0 resource
2022-01-05 12:22:13,626 [Worker-29] INFO  o.e.m.c.i.l.LifecycleMappingFactory - Using org.eclipse.m2e.jdt.JarLifecycleMapping lifecycle mapping for MavenProject: com.selenium.test:com.selenium.test:0.0.1-SNAPSHOT @ C:\OneDrive\TestGeospoc\com.selenium.test\pom.xml.
2022-01-05 12:22:13,970 [Worker-29] WARN  o.e.m.c.i.embedder.EclipseLogger - Using platform encoding (Cp1252 actually) to copy filtered resources, i.e. build is platform dependent!
2022-01-05 12:22:13,972 [Worker-29] INFO  o.e.m.c.i.embedder.EclipseLogger - Copying 0 resource
2022-01-05 12:22:13,974 [Worker-29] WARN  o.e.m.c.i.embedder.EclipseLogger - Using platform encoding (Cp1252 actually) to copy filtered resources, i.e. build is platform dependent!
2022-01-05 12:22:13,975 [Worker-29] INFO  o.e.m.c.i.embedder.EclipseLogger - Copying 0 resource
2022-01-05 12:22:15,438 [Worker-27] WARN  o.e.m.c.i.embedder.EclipseLogger - Using platform encoding (Cp1252 actually) to copy filtered resources, i.e. build is platform dependent!
2022-01-05 12:22:15,440 [Worker-27] INFO  o.e.m.c.i.embedder.EclipseLogger - Copying 0 resource
2022-01-05 12:22:15,442 [Worker-27] WARN  o.e.m.c.i.embedder.EclipseLogger - Using platform encoding (Cp1252 actually) to copy filtered resources, i.e. build is platform dependent!
2022-01-05 12:22:15,444 [Worker-27] INFO  o.e.m.c.i.embedder.EclipseLogger - Copying 0 resource
2022-01-05 12:31:28,853 [Worker-38] WARN  o.e.r.models.ModelRepository - Failed to download org.eclipse.recommenders:index::zip:0.0.0
org.eclipse.aether.resolution.ArtifactResolutionException: Could not find artifact org.eclipse.recommenders:index:zip:0.0.0-SNAPSHOT in models (http://download.eclipse.org/recommenders/models/neon/)
	at org.eclipse.aether.internal.impl.DefaultArtifactResolver.resolve(DefaultArtifactResolver.java:444) ~[na:na]
	at org.eclipse.aether.internal.impl.DefaultArtifactResolver.resolveArtifacts(DefaultArtifactResolver.java:246) ~[na:na]
	at org.eclipse.aether.internal.impl.DefaultArtifactResolver.resolveArtifact(DefaultArtifactResolver.java:223) ~[na:na]
	at org.eclipse.aether.internal.impl.DefaultRepositorySystem.resolveArtifact(DefaultRepositorySystem.java:294) ~[na:na]
	at org.eclipse.recommenders.models.ModelRepository.resolveInternal(ModelRepository.java:193) [org.eclipse.recommenders.models_2.4.6.v20170307-1041.jar:na]
	at org.eclipse.recommenders.models.ModelRepository.resolve(ModelRepository.java:172) [org.eclipse.recommenders.models_2.4.6.v20170307-1041.jar:na]
	at org.eclipse.recommenders.internal.models.rcp.EclipseModelRepository.resolve(EclipseModelRepository.java:169) [org.eclipse.recommenders.models.rcp_2.4.6.v20170307-1041.jar:na]
	at org.eclipse.recommenders.internal.models.rcp.DownloadModelArchiveJob.run(DownloadModelArchiveJob.java:76) [org.eclipse.recommenders.models.rcp_2.4.6.v20170307-1041.jar:na]
	at org.eclipse.core.internal.jobs.Worker.run(Worker.java:55) [org.eclipse.core.jobs_3.8.0.v20160509-0411.jar:na]
Caused by: org.eclipse.aether.transfer.ArtifactNotFoundException: Could not find artifact org.eclipse.recommenders:index:zip:0.0.0-SNAPSHOT in models (http://download.eclipse.org/recommenders/models/neon/)
	at org.eclipse.aether.connector.basic.ArtifactTransportListener.transferFailed(ArtifactTransportListener.java:39) ~[org.eclipse.aether.connector.basic_1.0.1.v20141111.jar:na]
	at org.eclipse.aether.connector.basic.BasicRepositoryConnector$TaskRunner.run(BasicRepositoryConnector.java:355) ~[org.eclipse.aether.connector.basic_1.0.1.v20141111.jar:na]
	at org.eclipse.aether.util.concurrency.RunnableErrorForwarder$1.run(RunnableErrorForwarder.java:67) ~[na:na]
	at org.eclipse.aether.connector.basic.BasicRepositoryConnector$DirectExecutor.execute(BasicRepositoryConnector.java:581) ~[org.eclipse.aether.connector.basic_1.0.1.v20141111.jar:na]
	at org.eclipse.aether.connector.basic.BasicRepositoryConnector.get(BasicRepositoryConnector.java:249) ~[org.eclipse.aether.connector.basic_1.0.1.v20141111.jar:na]
	at org.eclipse.aether.internal.impl.DefaultArtifactResolver.performDownloads(DefaultArtifactResolver.java:520) ~[na:na]
	at org.eclipse.aether.internal.impl.DefaultArtifactResolver.resolve(DefaultArtifactResolver.java:421) ~[na:na]
	... 8 common frames omitted
2022-01-05 12:32:53,701 [Worker-41] WARN  o.e.m.c.i.embedder.EclipseLogger - Using platform encoding (Cp1252 actually) to copy filtered resources, i.e. build is platform dependent!
2022-01-05 12:32:53,703 [Worker-41] INFO  o.e.m.c.i.embedder.EclipseLogger - Copying 0 resource
2022-01-05 12:32:53,704 [Worker-41] WARN  o.e.m.c.i.embedder.EclipseLogger - Using platform encoding (Cp1252 actually) to copy filtered resources, i.e. build is platform dependent!
2022-01-05 12:32:53,706 [Worker-41] INFO  o.e.m.c.i.embedder.EclipseLogger - Copying 0 resource
2022-01-05 12:47:40,459 [main] INFO  o.e.m2e.actions.ExecutePomAction - Creating new launch configuration
2022-01-05 12:47:48,963 [Worker-52] INFO  o.e.m.i.launch.MavenLaunchDelegate - C:\OneDrive\TestGeospoc\com.selenium.test
2022-01-05 12:47:48,964 [Worker-52] INFO  o.e.m.i.launch.MavenLaunchDelegate -  mvn -B clean install
2022-01-05 12:47:49,089 [Worker-54] WARN  o.e.m.c.i.embedder.EclipseLogger - Using platform encoding (Cp1252 actually) to copy filtered resources, i.e. build is platform dependent!
2022-01-05 12:47:49,090 [Worker-54] INFO  o.e.m.c.i.embedder.EclipseLogger - Copying 0 resource
2022-01-05 12:47:49,091 [Worker-54] WARN  o.e.m.c.i.embedder.EclipseLogger - Using platform encoding (Cp1252 actually) to copy filtered resources, i.e. build is platform dependent!
2022-01-05 12:47:49,093 [Worker-54] INFO  o.e.m.c.i.embedder.EclipseLogger - Copying 0 resource
2022-01-05 12:49:47,250 [Worker-53] WARN  o.e.m.c.i.embedder.EclipseLogger - Using platform encoding (Cp1252 actually) to copy filtered resources, i.e. build is platform dependent!
2022-01-05 12:49:47,251 [Worker-53] INFO  o.e.m.c.i.embedder.EclipseLogger - Copying 0 resource
2022-01-05 12:49:47,252 [Worker-53] WARN  o.e.m.c.i.embedder.EclipseLogger - Using platform encoding (Cp1252 actually) to copy filtered resources, i.e. build is platform dependent!
2022-01-05 12:49:47,253 [Worker-53] INFO  o.e.m.c.i.embedder.EclipseLogger - Copying 0 resource
2022-01-05 12:54:00,761 [Worker-61] WARN  o.e.m.c.i.embedder.EclipseLogger - Using platform encoding (Cp1252 actually) to copy filtered resources, i.e. build is platform dependent!
2022-01-05 12:54:00,763 [Worker-61] INFO  o.e.m.c.i.embedder.EclipseLogger - Copying 0 resource
2022-01-05 12:54:00,764 [Worker-61] WARN  o.e.m.c.i.embedder.EclipseLogger - Using platform encoding (Cp1252 actually) to copy filtered resources, i.e. build is platform dependent!
2022-01-05 12:54:00,766 [Worker-61] INFO  o.e.m.c.i.embedder.EclipseLogger - Copying 0 resource
2022-01-05 12:54:23,873 [Worker-59] WARN  o.e.m.c.i.embedder.EclipseLogger - Using platform encoding (Cp1252 actually) to copy filtered resources, i.e. build is platform dependent!
2022-01-05 12:54:23,874 [Worker-59] INFO  o.e.m.c.i.embedder.EclipseLogger - Copying 0 resource
2022-01-05 12:54:23,875 [Worker-59] WARN  o.e.m.c.i.embedder.EclipseLogger - Using platform encoding (Cp1252 actually) to copy filtered resources, i.e. build is platform dependent!
2022-01-05 12:54:23,876 [Worker-59] INFO  o.e.m.c.i.embedder.EclipseLogger - Copying 0 resource
2022-01-05 13:00:45,907 [Worker-65] INFO  o.e.m.c.i.l.LifecycleMappingFactory - Using org.eclipse.m2e.jdt.JarLifecycleMapping lifecycle mapping for MavenProject: com.selenium.test:com.selenium.test:0.0.1-SNAPSHOT @ C:\OneDrive\TestGeospoc\com.selenium.test\pom.xml.
2022-01-05 13:00:46,400 [Worker-65] WARN  o.e.m.c.i.embedder.EclipseLogger - Using platform encoding (Cp1252 actually) to copy filtered resources, i.e. build is platform dependent!
2022-01-05 13:00:46,402 [Worker-65] INFO  o.e.m.c.i.embedder.EclipseLogger - Copying 0 resource
2022-01-05 13:00:46,403 [Worker-65] WARN  o.e.m.c.i.embedder.EclipseLogger - Using platform encoding (Cp1252 actually) to copy filtered resources, i.e. build is platform dependent!
2022-01-05 13:00:46,404 [Worker-65] INFO  o.e.m.c.i.embedder.EclipseLogger - Copying 0 resource
2022-01-05 13:13:00,415 [Worker-76] WARN  o.e.m.c.i.embedder.EclipseLogger - Using platform encoding (Cp1252 actually) to copy filtered resources, i.e. build is platform dependent!
2022-01-05 13:13:00,416 [Worker-76] INFO  o.e.m.c.i.embedder.EclipseLogger - Copying 0 resource
2022-01-05 13:13:00,418 [Worker-76] WARN  o.e.m.c.i.embedder.EclipseLogger - Using platform encoding (Cp1252 actually) to copy filtered resources, i.e. build is platform dependent!
2022-01-05 13:13:00,418 [Worker-76] INFO  o.e.m.c.i.embedder.EclipseLogger - Copying 0 resource
